Der Buildvorgang wurde am 03.11.2011 15:07:11 gestartet.
     1>Projekt "U:\Microscope Controller\matlab-scripting\ch_ethz_csb_matlabscripting_util_LongFileNameToShort\ch_ethz_csb_matlabscripting_util_LongFileNameToShort.vcxproj" auf Knoten "2", rebuild Ziel(e).
     1>InitializeBuildStatus:
         "Release\ch_ethz_csb_matlabscripting_util_LongFileNameToShort.unsuccessfulbuild" wird erstellt, da "AlwaysCreate" angegeben wurde.
       ClCompile:
         C:\Program Files (x86)\Microsoft Visual Studio 10.0\VC\bin\CL.exe /c /I"C:\Program Files\Java\jdk1.6.0_23\include" /I"C:\Program Files\Java\jdk1.6.0_23\include\win32" /Zi /nologo /W3 /WX- /O2 /Oy- /D WIN32 /D NDEBUG /D _WINDOWS /D _USRDLL /D CH_ETHZ_CSB_MATLABSCRIPTING_UTIL_LONGFILENAMETOSHORT_EXPORTS /D _WINDLL /Gm- /EHsc /MD /GS /fp:precise /Zc:wchar_t /Zc:forScope /Fo"Release\\" /Fd"Release\vc100.pdb" /Gd /TP /analyze- /errorReport:prompt ch_ethz_csb_matlabscripting_util_LongFileNameToShort.cpp
         ch_ethz_csb_matlabscripting_util_LongFileNameToShort.cpp
       ManifestResourceCompile:
         C:\Program Files (x86)\Microsoft SDKs\Windows\v7.0A\bin\rc.exe /nologo /fo"Release\ch_ethz_csb_matlabscripting_util_LongFileNameToShort.dll.embed.manifest.res" Release\ch_ethz_csb_matlabscripting_util_LongFileNameToShort_manifest.rc 
       Link:
         C:\Program Files (x86)\Microsoft Visual Studio 10.0\VC\bin\link.exe /ERRORREPORT:PROMPT /OUT:"U:\Microscope Controller\matlab-scripting\ch_ethz_csb_matlabscripting_util_LongFileNameToShort\Release\ch_ethz_csb_matlabscripting_util_LongFileNameToShort.dll" /INCREMENTAL /NOLOGO kernel32.lib user32.lib gdi32.lib winspool.lib comdlg32.lib advapi32.lib shell32.lib ole32.lib oleaut32.lib uuid.lib odbc32.lib odbccp32.lib /MANIFEST /ManifestFile:"Release\ch_ethz_csb_matlabscripting_util_LongFileNameToShort.dll.intermediate.manifest" /MANIFESTUAC:"level='asInvoker' uiAccess='false'" /DEBUG /PDB:"U:\Microscope Controller\matlab-scripting\ch_ethz_csb_matlabscripting_util_LongFileNameToShort\Release\ch_ethz_csb_matlabscripting_util_LongFileNameToShort.pdb" /SUBSYSTEM:WINDOWS /OPT:REF /OPT:ICF /TLBID:1 /DYNAMICBASE /NXCOMPAT /IMPLIB:"U:\Microscope Controller\matlab-scripting\ch_ethz_csb_matlabscripting_util_LongFileNameToShort\Release\ch_ethz_csb_matlabscripting_util_LongFileNameToShort.lib" /MACHINE:X86 /DLL Release\ch_ethz_csb_matlabscripting_util_LongFileNameToShort.dll.embed.manifest.res
         Release\ch_ethz_csb_matlabscripting_util_LongFileNameToShort.obj
     1>LINK : warning LNK4075: ignoring '/INCREMENTAL' due to '/OPT:ICF' specification
            Creating library U:\Microscope Controller\matlab-scripting\ch_ethz_csb_matlabscripting_util_LongFileNameToShort\Release\ch_ethz_csb_matlabscripting_util_LongFileNameToShort.lib and object U:\Microscope Controller\matlab-scripting\ch_ethz_csb_matlabscripting_util_LongFileNameToShort\Release\ch_ethz_csb_matlabscripting_util_LongFileNameToShort.exp
       Manifest:
         Die Datei "Release\ch_ethz_csb_matlabscripting_util_LongFileNameToShort.dll.embed.manifest" wird gelöscht.
         C:\Program Files (x86)\Microsoft SDKs\Windows\v7.0A\bin\mt.exe /nologo /verbose /out:"Release\ch_ethz_csb_matlabscripting_util_LongFileNameToShort.dll.embed.manifest" /manifest Release\ch_ethz_csb_matlabscripting_util_LongFileNameToShort.dll.intermediate.manifest
         C:\Program Files (x86)\Microsoft SDKs\Windows\v7.0A\bin\rc.exe /nologo /fo"Release\ch_ethz_csb_matlabscripting_util_LongFileNameToShort.dll.embed.manifest.res" Release\ch_ethz_csb_matlabscripting_util_LongFileNameToShort_manifest.rc 
       LinkEmbedManifest:
         C:\Program Files (x86)\Microsoft Visual Studio 10.0\VC\bin\link.exe /ERRORREPORT:PROMPT /OUT:"U:\Microscope Controller\matlab-scripting\ch_ethz_csb_matlabscripting_util_LongFileNameToShort\Release\ch_ethz_csb_matlabscripting_util_LongFileNameToShort.dll" /INCREMENTAL /NOLOGO kernel32.lib user32.lib gdi32.lib winspool.lib comdlg32.lib advapi32.lib shell32.lib ole32.lib oleaut32.lib uuid.lib odbc32.lib odbccp32.lib /MANIFEST /ManifestFile:"Release\ch_ethz_csb_matlabscripting_util_LongFileNameToShort.dll.intermediate.manifest" /MANIFESTUAC:"level='asInvoker' uiAccess='false'" /DEBUG /PDB:"U:\Microscope Controller\matlab-scripting\ch_ethz_csb_matlabscripting_util_LongFileNameToShort\Release\ch_ethz_csb_matlabscripting_util_LongFileNameToShort.pdb" /SUBSYSTEM:WINDOWS /OPT:REF /OPT:ICF /TLBID:1 /DYNAMICBASE /NXCOMPAT /IMPLIB:"U:\Microscope Controller\matlab-scripting\ch_ethz_csb_matlabscripting_util_LongFileNameToShort\Release\ch_ethz_csb_matlabscripting_util_LongFileNameToShort.lib" /MACHINE:X86 /DLL Release\ch_ethz_csb_matlabscripting_util_LongFileNameToShort.dll.embed.manifest.res
         Release\ch_ethz_csb_matlabscripting_util_LongFileNameToShort.obj
     1>LINK : warning LNK4075: ignoring '/INCREMENTAL' due to '/OPT:ICF' specification
            Creating library U:\Microscope Controller\matlab-scripting\ch_ethz_csb_matlabscripting_util_LongFileNameToShort\Release\ch_ethz_csb_matlabscripting_util_LongFileNameToShort.lib and object U:\Microscope Controller\matlab-scripting\ch_ethz_csb_matlabscripting_util_LongFileNameToShort\Release\ch_ethz_csb_matlabscripting_util_LongFileNameToShort.exp
         ch_ethz_csb_matlabscripting_util_LongFileNameToShort.vcxproj -> U:\Microscope Controller\matlab-scripting\ch_ethz_csb_matlabscripting_util_LongFileNameToShort\Release\ch_ethz_csb_matlabscripting_util_LongFileNameToShort.dll
       FinalizeBuildStatus:
         Die Datei "Release\ch_ethz_csb_matlabscripting_util_LongFileNameToShort.unsuccessfulbuild" wird gelöscht.
         Aktualisieren des Timestamps von "Release\ch_ethz_csb_matlabscripting_util_LongFileNameToShort.lastbuildstate".
     1>Die Erstellung des Projekts "U:\Microscope Controller\matlab-scripting\ch_ethz_csb_matlabscripting_util_LongFileNameToShort\ch_ethz_csb_matlabscripting_util_LongFileNameToShort.vcxproj" ist abgeschlossen, rebuild Ziel(e).

Das Erstellen war erfolgreich.

Verstrichene Zeit 00:00:07.44
